=== ETFCSA-TSD Optimization Log ===
Timestamp   : 2026-03-15 20:27:54
Runtime     : 3331.84s
Final Fitness: 213.10

--- Parameters ---
Population  : 300
Max Evals   : 500000
Clones      : 15
Rho         : 0.95
Weights     : S1=0.5, S2=0.3, S3=0.3, S4=0.2, S5=0.1

--- Problem Size ---
Total Classes: 755 (553 f2f + 202 online)
Variables    : 1308
Rooms        : 69
Timeslots    : 60

--- Validation Results ---
Feasibility  : INFEASIBLE
Hard Violations: 74
  H1: Room Conflict: 18
  H2: Instructor Conflict: 30
  H3: Section Conflict: 26
Soft Violations: 490
  S1: Room Type Mismatch: 194
  S2: Section Daily Overload: 1
  S3: Instructor Daily Overload: 0
  S4: Schedule Gap: 143
  S5: Late Class: 152
