=== ETFCSA-TSD Optimization Log ===
Timestamp   : 2026-03-15 19:30:26
Runtime     : 12.81s
Final Fitness: 225.50

--- Parameters ---
Population  : 200
Max Evals   : 1000
Clones      : 10
Rho         : 0.98
Weights     : S1=0.5, S2=0.3, S3=0.3, S4=0.2, S5=0.1

--- Problem Size ---
Total Classes: 755 (553 f2f + 202 online)
Variables    : 1308
Rooms        : 69
Timeslots    : 60

--- Validation Results ---
Feasibility  : INFEASIBLE
Hard Violations: 88
  H1: Room Conflict: 24
  H2: Instructor Conflict: 24
  H3: Section Conflict: 40
Soft Violations: 467
  S1: Room Type Mismatch: 193
  S2: Section Daily Overload: 1
  S3: Instructor Daily Overload: 2
  S4: Schedule Gap: 140
  S5: Late Class: 131
